2014-11-09 19:18:29.348 乐途帮[4261:2436244] DiskCookieStorage changing policy from 2 to 0, cookie file: file:///Users/wangzhiyan/Library/Developer/CoreSimulator/Devices/5FD1C4A6-FA66-44D7-BE78-174AC561DF3A/data/Containers/Data/Application/823001E4-7622-4D90-899B-393BA95B073D/Library/Cookies/Cookies.binarycookies
2014-11-09 19:18:29.426 乐途帮[4261:2436244] Apache Cordova native platform version 3.6.3 is starting.
2014-11-09 19:18:29.426 乐途帮[4261:2436244] Multi-tasking -> Device: YES, App: YES
2014-11-09 19:18:29.432 乐途帮[4261:2436244] Unlimited access to network resources
2014-11-09 19:18:29.613 乐途帮[4261:2436244] [CDVTimer][splashscreen] 15.590012ms
2014-11-09 19:18:29.613 乐途帮[4261:2436244] [CDVTimer][TotalPluginStartup] 15.728951ms
2014-11-09 19:18:30.129 乐途帮[4261:2436244] Resetting plugins due to page load.
2014-11-09 19:18:30.346 乐途帮[4261:2436244] Finished load of: file:///Users/wangzhiyan/Library/Developer/CoreSimulator/Devices/5FD1C4A6-FA66-44D7-BE78-174AC561DF3A/data/Containers/Bundle/Application/1422F576-BB93-420A-9AC1-6D81F5FE80C7/%E4%B9%90%E9%80%94%E5%B8%AE.app/www/index.html#/tab/dash
2014-11-09 19:20:31.313 乐途帮[4440:2437465] DiskCookieStorage changing policy from 2 to 0, cookie file: file:///Users/wangzhiyan/Library/Developer/CoreSimulator/Devices/5FD1C4A6-FA66-44D7-BE78-174AC561DF3A/data/Containers/Data/Application/6E423131-7E46-417F-84FA-6FC6B9BA2DA2/Library/Cookies/Cookies.binarycookies
2014-11-09 19:20:31.382 乐途帮[4440:2437465] Apache Cordova native platform version 3.6.3 is starting.
2014-11-09 19:20:31.383 乐途帮[4440:2437465] Multi-tasking -> Device: YES, App: YES
2014-11-09 19:20:31.387 乐途帮[4440:2437465] Unlimited access to network resources
2014-11-09 19:20:31.560 乐途帮[4440:2437465] [CDVTimer][splashscreen] 14.203012ms
2014-11-09 19:20:31.560 乐途帮[4440:2437465] [CDVTimer][TotalPluginStartup] 14.335036ms
2014-11-09 19:20:31.616 乐途帮[4440:2437465] Resetting plugins due to page load.
2014-11-09 19:20:33.546 乐途帮[4440:2437465] Finished load of: file:///Users/wangzhiyan/Library/Developer/CoreSimulator/Devices/5FD1C4A6-FA66-44D7-BE78-174AC561DF3A/data/Containers/Bundle/Application/1F51AE7F-83F1-4164-B342-31760C661E92/%E4%B9%90%E9%80%94%E5%B8%AE.app/www/index.html#/tab/dash
2014-11-09 19:20:51.691 乐途帮[4614:2438204] DiskCookieStorage changing policy from 2 to 0, cookie file: file:///Users/wangzhiyan/Library/Developer/CoreSimulator/Devices/5FD1C4A6-FA66-44D7-BE78-174AC561DF3A/data/Containers/Data/Application/B6195129-D24D-4E18-89A4-F5ABB69CA5DB/Library/Cookies/Cookies.binarycookies
2014-11-09 19:20:51.753 乐途帮[4614:2438204] Apache Cordova native platform version 3.6.3 is starting.
2014-11-09 19:20:51.753 乐途帮[4614:2438204] Multi-tasking -> Device: YES, App: YES
2014-11-09 19:20:51.757 乐途帮[4614:2438204] Unlimited access to network resources
2014-11-09 19:20:51.927 乐途帮[4614:2438204] [CDVTimer][splashscreen] 14.074028ms
2014-11-09 19:20:51.927 乐途帮[4614:2438204] [CDVTimer][TotalPluginStartup] 14.216959ms
2014-11-09 19:20:51.979 乐途帮[4614:2438204] Resetting plugins due to page load.
2014-11-09 19:20:52.199 乐途帮[4614:2438204] Finished load of: file:///Users/wangzhiyan/Library/Developer/CoreSimulator/Devices/5FD1C4A6-FA66-44D7-BE78-174AC561DF3A/data/Containers/Bundle/Application/73BD34AA-F350-4C49-9EE2-C30699CEE37E/%E4%B9%90%E9%80%94%E5%B8%AE.app/www/index.html#/tab/dash
2014-11-09 19:21:32.089 乐途帮[4788:2439201] DiskCookieStorage changing policy from 2 to 0, cookie file: file:///Users/wangzhiyan/Library/Developer/CoreSimulator/Devices/5FD1C4A6-FA66-44D7-BE78-174AC561DF3A/data/Containers/Data/Application/AC034D37-2C08-4D9E-9440-7D468E33C315/Library/Cookies/Cookies.binarycookies
2014-11-09 19:21:32.155 乐途帮[4788:2439201] Apache Cordova native platform version 3.6.3 is starting.
2014-11-09 19:21:32.155 乐途帮[4788:2439201] Multi-tasking -> Device: YES, App: YES
2014-11-09 19:21:32.159 乐途帮[4788:2439201] Unlimited access to network resources
2014-11-09 19:21:32.332 乐途帮[4788:2439201] [CDVTimer][splashscreen] 15.671968ms
2014-11-09 19:21:32.332 乐途帮[4788:2439201] [CDVTimer][TotalPluginStartup] 15.810013ms
2014-11-09 19:21:32.394 乐途帮[4788:2439201] Resetting plugins due to page load.
2014-11-09 19:21:32.609 乐途帮[4788:2439201] Finished load of: file:///Users/wangzhiyan/Library/Developer/CoreSimulator/Devices/5FD1C4A6-FA66-44D7-BE78-174AC561DF3A/data/Containers/Bundle/Application/42E52A9C-0936-4ADA-B4ED-B0062CAC61EB/%E4%B9%90%E9%80%94%E5%B8%AE.app/www/index.html#/tab/dash
2014-11-09 19:21:48.654 乐途帮[4962:2439890] DiskCookieStorage changing policy from 2 to 0, cookie file: file:///Users/wangzhiyan/Library/Developer/CoreSimulator/Devices/5FD1C4A6-FA66-44D7-BE78-174AC561DF3A/data/Containers/Data/Application/C565D3E6-416A-463C-9C53-7BB54EFDFD08/Library/Cookies/Cookies.binarycookies
2014-11-09 19:21:48.717 乐途帮[4962:2439890] Apache Cordova native platform version 3.6.3 is starting.
2014-11-09 19:21:48.717 乐途帮[4962:2439890] Multi-tasking -> Device: YES, App: YES
2014-11-09 19:21:48.721 乐途帮[4962:2439890] Unlimited access to network resources
2014-11-09 19:21:48.892 乐途帮[4962:2439890] [CDVTimer][splashscreen] 14.633000ms
2014-11-09 19:21:48.892 乐途帮[4962:2439890] [CDVTimer][TotalPluginStartup] 14.773011ms
2014-11-09 19:21:48.954 乐途帮[4962:2439890] Resetting plugins due to page load.
2014-11-09 19:21:49.176 乐途帮[4962:2439890] Finished load of: file:///Users/wangzhiyan/Library/Developer/CoreSimulator/Devices/5FD1C4A6-FA66-44D7-BE78-174AC561DF3A/data/Containers/Bundle/Application/075CC6E4-8F88-42A4-AC5E-53749D042061/%E4%B9%90%E9%80%94%E5%B8%AE.app/www/index.html#/tab/dash
2014-11-09 19:25:41.475 乐途帮[5137:2441723] DiskCookieStorage changing policy from 2 to 0, cookie file: file:///Users/wangzhiyan/Library/Developer/CoreSimulator/Devices/5FD1C4A6-FA66-44D7-BE78-174AC561DF3A/data/Containers/Data/Application/FEE6FCDC-773E-46F2-B925-AA85E5DE8929/Library/Cookies/Cookies.binarycookies
2014-11-09 19:25:41.611 乐途帮[5137:2441723] Apache Cordova native platform version 3.6.3 is starting.
2014-11-09 19:25:41.611 乐途帮[5137:2441723] Multi-tasking -> Device: YES, App: YES
2014-11-09 19:25:41.615 乐途帮[5137:2441723] Unlimited access to network resources
2014-11-09 19:25:41.839 乐途帮[5137:2441723] Resetting plugins due to page load.
2014-11-09 19:25:42.047 乐途帮[5137:2441723] Finished load of: file:///Users/wangzhiyan/Library/Developer/CoreSimulator/Devices/5FD1C4A6-FA66-44D7-BE78-174AC561DF3A/data/Containers/Bundle/Application/F32C94DD-762D-4FA3-B073-CFDA0CE9378D/%E4%B9%90%E9%80%94%E5%B8%AE.app/www/index.html#/tab/dash
2014-11-09 19:26:07.482 乐途帮[5311:2442448] DiskCookieStorage changing policy from 2 to 0, cookie file: file:///Users/wangzhiyan/Library/Developer/CoreSimulator/Devices/5FD1C4A6-FA66-44D7-BE78-174AC561DF3A/data/Containers/Data/Application/4197B866-10A1-4211-B513-2611D6D2EBD1/Library/Cookies/Cookies.binarycookies
2014-11-09 19:26:07.610 乐途帮[5311:2442448] Apache Cordova native platform version 3.6.3 is starting.
2014-11-09 19:26:07.611 乐途帮[5311:2442448] Multi-tasking -> Device: YES, App: YES
2014-11-09 19:26:07.615 乐途帮[5311:2442448] Unlimited access to network resources
2014-11-09 19:26:07.777 乐途帮[5311:2442448] [CDVTimer][device] 0.032961ms
2014-11-09 19:26:07.789 乐途帮[5311:2442448] [CDVTimer][splashscreen] 12.584984ms
2014-11-09 19:26:07.790 乐途帮[5311:2442448] [CDVTimer][TotalPluginStartup] 12.867987ms
2014-11-09 19:26:07.855 乐途帮[5311:2442448] Resetting plugins due to page load.
2014-11-09 19:26:08.072 乐途帮[5311:2442448] Finished load of: file:///Users/wangzhiyan/Library/Developer/CoreSimulator/Devices/5FD1C4A6-FA66-44D7-BE78-174AC561DF3A/data/Containers/Bundle/Application/A49BEB1B-E979-4A5C-B801-899FDA83B3D3/%E4%B9%90%E9%80%94%E5%B8%AE.app/www/index.html#/tab/dash
2014-11-09 19:29:23.200 乐途帮[5491:2444097] DiskCookieStorage changing policy from 2 to 0, cookie file: file:///Users/wangzhiyan/Library/Developer/CoreSimulator/Devices/5FD1C4A6-FA66-44D7-BE78-174AC561DF3A/data/Containers/Data/Application/4A5233D7-5FC6-4A28-AF55-B1FD14933D1E/Library/Cookies/Cookies.binarycookies
2014-11-09 19:29:23.330 乐途帮[5491:2444097] Apache Cordova native platform version 3.6.3 is starting.
2014-11-09 19:29:23.330 乐途帮[5491:2444097] Multi-tasking -> Device: YES, App: YES
2014-11-09 19:29:23.334 乐途帮[5491:2444097] Unlimited access to network resources
2014-11-09 19:29:23.508 乐途帮[5491:2444097] [CDVTimer][splashscreen] 12.075961ms
2014-11-09 19:29:23.508 乐途帮[5491:2444097] [CDVTimer][TotalPluginStartup] 12.211978ms
2014-11-09 19:29:23.571 乐途帮[5491:2444097] Resetting plugins due to page load.
2014-11-09 19:29:23.785 乐途帮[5491:2444097] Finished load of: file:///Users/wangzhiyan/Library/Developer/CoreSimulator/Devices/5FD1C4A6-FA66-44D7-BE78-174AC561DF3A/data/Containers/Bundle/Application/5AE245D7-1BE6-4D4C-92CF-63241FEC7B99/%E4%B9%90%E9%80%94%E5%B8%AE.app/www/index.html#/tab/dash
2014-11-09 19:30:53.030 乐途帮[5961:2446136] DiskCookieStorage changing policy from 2 to 0, cookie file: file:///Users/wangzhiyan/Library/Developer/CoreSimulator/Devices/5FD1C4A6-FA66-44D7-BE78-174AC561DF3A/data/Containers/Data/Application/79F6A0CF-DF0D-4F94-8961-940091C18DC4/Library/Cookies/Cookies.binarycookies
2014-11-09 19:30:53.159 乐途帮[5961:2446136] Apache Cordova native platform version 3.6.3 is starting.
2014-11-09 19:30:53.159 乐途帮[5961:2446136] Multi-tasking -> Device: YES, App: YES
2014-11-09 19:30:53.163 乐途帮[5961:2446136] Unlimited access to network resources
2014-11-09 19:30:53.333 乐途帮[5961:2446136] [CDVTimer][splashscreen] 13.107955ms
2014-11-09 19:30:53.333 乐途帮[5961:2446136] [CDVTimer][TotalPluginStartup] 13.237000ms
2014-11-09 19:30:53.400 乐途帮[5961:2446136] Resetting plugins due to page load.
2014-11-09 19:30:53.617 乐途帮[5961:2446136] Finished load of: file:///Users/wangzhiyan/Library/Developer/CoreSimulator/Devices/5FD1C4A6-FA66-44D7-BE78-174AC561DF3A/data/Containers/Bundle/Application/488B098B-6317-4B68-B7C0-19D4DE6D0FD3/%E4%B9%90%E9%80%94%E5%B8%AE.app/www/index.html#/tab/dash
2014-11-14 00:00:58.387 乐途帮[14082:2906611] DiskCookieStorage changing policy from 2 to 0, cookie file: file:///Users/wangzhiyan/Library/Developer/CoreSimulator/Devices/5FD1C4A6-FA66-44D7-BE78-174AC561DF3A/data/Containers/Data/Application/D2AD802F-581A-43C7-A72B-BB32A41083BB/Library/Cookies/Cookies.binarycookies
2014-11-14 00:00:58.447 乐途帮[14082:2906611] Apache Cordova native platform version 3.6.3 is starting.
2014-11-14 00:00:58.447 乐途帮[14082:2906611] Multi-tasking -> Device: YES, App: YES
2014-11-14 00:00:58.464 乐途帮[14082:2906611] Unlimited access to network resources
2014-11-14 00:00:58.921 乐途帮[14082:2906611] [CDVTimer][splashscreen] 82.934976ms
2014-11-14 00:00:58.922 乐途帮[14082:2906611] [CDVTimer][TotalPluginStartup] 83.063006ms
2014-11-14 00:00:58.968 乐途帮[14082:2906611] Resetting plugins due to page load.
2014-11-14 00:00:59.262 乐途帮[14082:2906611] Finished load of: file:///Users/wangzhiyan/Library/Developer/CoreSimulator/Devices/5FD1C4A6-FA66-44D7-BE78-174AC561DF3A/data/Containers/Bundle/Application/63CD6DA7-8479-4266-8447-25FD50691E84/%E4%B9%90%E9%80%94%E5%B8%AE.app/www/index.html#/tab/dash
2014-11-14 00:02:37.963 乐途帮[14435:2908913] DiskCookieStorage changing policy from 2 to 0, cookie file: file:///Users/wangzhiyan/Library/Developer/CoreSimulator/Devices/5FD1C4A6-FA66-44D7-BE78-174AC561DF3A/data/Containers/Data/Application/BD78786B-4250-401D-83BD-1A153786F01E/Library/Cookies/Cookies.binarycookies
2014-11-14 00:02:38.023 乐途帮[14435:2908913] Apache Cordova native platform version 3.6.3 is starting.
2014-11-14 00:02:38.024 乐途帮[14435:2908913] Multi-tasking -> Device: YES, App: YES
2014-11-14 00:02:38.028 乐途帮[14435:2908913] Unlimited access to network resources
2014-11-14 00:02:38.241 乐途帮[14435:2908913] [CDVTimer][splashscreen] 57.438016ms
2014-11-14 00:02:38.241 乐途帮[14435:2908913] [CDVTimer][TotalPluginStartup] 57.603002ms
2014-11-14 00:02:38.316 乐途帮[14435:2908913] Resetting plugins due to page load.
2014-11-14 00:02:38.548 乐途帮[14435:2908913] Finished load of: file:///Users/wangzhiyan/Library/Developer/CoreSimulator/Devices/5FD1C4A6-FA66-44D7-BE78-174AC561DF3A/data/Containers/Bundle/Application/0F08F377-C46E-400B-A9B1-45EFEE70F27C/%E4%B9%90%E9%80%94%E5%B8%AE.app/www/index.html#/tab/dash
2014-11-14 00:06:36.159 乐途帮[14640:2912228] DiskCookieStorage changing policy from 2 to 0, cookie file: file:///Users/wangzhiyan/Library/Developer/CoreSimulator/Devices/5FD1C4A6-FA66-44D7-BE78-174AC561DF3A/data/Containers/Data/Application/372D8DE1-71FD-42EB-A8F7-0A60F706A883/Library/Cookies/Cookies.binarycookies
2014-11-14 00:06:36.226 乐途帮[14640:2912228] Apache Cordova native platform version 3.6.3 is starting.
2014-11-14 00:06:36.226 乐途帮[14640:2912228] Multi-tasking -> Device: YES, App: YES
2014-11-14 00:06:36.230 乐途帮[14640:2912228] Unlimited access to network resources
2014-11-14 00:06:36.413 乐途帮[14640:2912228] [CDVTimer][splashscreen] 22.410989ms
2014-11-14 00:06:36.413 乐途帮[14640:2912228] [CDVTimer][TotalPluginStartup] 22.552013ms
2014-11-14 00:06:36.466 乐途帮[14640:2912228] Resetting plugins due to page load.
2014-11-14 00:06:36.666 乐途帮[14640:2912228] Finished load of: file:///Users/wangzhiyan/Library/Developer/CoreSimulator/Devices/5FD1C4A6-FA66-44D7-BE78-174AC561DF3A/data/Containers/Bundle/Application/64ACDD20-AB35-489E-A1D1-1027F808D781/%E4%B9%90%E9%80%94%E5%B8%AE.app/www/index.html#/tab/dash
2014-11-14 00:14:26.215 乐途帮[14868:2919497] DiskCookieStorage changing policy from 2 to 0, cookie file: file:///Users/wangzhiyan/Library/Developer/CoreSimulator/Devices/5FD1C4A6-FA66-44D7-BE78-174AC561DF3A/data/Containers/Data/Application/F250A65C-AB88-40A1-B4B8-8690B7F3B1DF/Library/Cookies/Cookies.binarycookies
2014-11-14 00:14:26.305 乐途帮[14868:2919497] Apache Cordova native platform version 3.6.3 is starting.
2014-11-14 00:14:26.305 乐途帮[14868:2919497] Multi-tasking -> Device: YES, App: YES
2014-11-14 00:14:26.309 乐途帮[14868:2919497] Unlimited access to network resources
2014-11-14 00:14:26.516 乐途帮[14868:2919497] [CDVTimer][splashscreen] 41.237056ms
2014-11-14 00:14:26.517 乐途帮[14868:2919497] [CDVTimer][TotalPluginStartup] 41.379988ms
2014-11-14 00:14:26.570 乐途帮[14868:2919497] Resetting plugins due to page load.
2014-11-14 00:14:26.767 乐途帮[14868:2919497] Finished load of: file:///Users/wangzhiyan/Library/Developer/CoreSimulator/Devices/5FD1C4A6-FA66-44D7-BE78-174AC561DF3A/data/Containers/Bundle/Application/D2EC4A1E-91DF-477C-9FBB-5F52C8CF3F83/%E4%B9%90%E9%80%94%E5%B8%AE.app/www/index.html#/tab/dash
2014-11-14 00:15:06.213 乐途帮[15047:2920460] DiskCookieStorage changing policy from 2 to 0, cookie file: file:///Users/wangzhiyan/Library/Developer/CoreSimulator/Devices/5FD1C4A6-FA66-44D7-BE78-174AC561DF3A/data/Containers/Data/Application/D9BFCF89-3A27-4138-8A2E-9C594CD6920E/Library/Cookies/Cookies.binarycookies
2014-11-14 00:15:06.290 乐途帮[15047:2920460] Apache Cordova native platform version 3.6.3 is starting.
2014-11-14 00:15:06.290 乐途帮[15047:2920460] Multi-tasking -> Device: YES, App: YES
2014-11-14 00:15:06.295 乐途帮[15047:2920460] Unlimited access to network resources
2014-11-14 00:15:06.497 乐途帮[15047:2920460] [CDVTimer][splashscreen] 42.002976ms
2014-11-14 00:15:06.498 乐途帮[15047:2920460] [CDVTimer][TotalPluginStartup] 42.171001ms
2014-11-14 00:15:06.539 乐途帮[15047:2920460] Resetting plugins due to page load.
2014-11-14 00:15:06.751 乐途帮[15047:2920460] Finished load of: file:///Users/wangzhiyan/Library/Developer/CoreSimulator/Devices/5FD1C4A6-FA66-44D7-BE78-174AC561DF3A/data/Containers/Bundle/Application/FECFEEB3-A771-49F6-BBA5-E47138E305C2/%E4%B9%90%E9%80%94%E5%B8%AE.app/www/index.html#/tab/dash
2014-11-14 23:56:39.645 乐途帮[16217:3034350] DiskCookieStorage changing policy from 2 to 0, cookie file: file:///Users/wangzhiyan/Library/Developer/CoreSimulator/Devices/5FD1C4A6-FA66-44D7-BE78-174AC561DF3A/data/Containers/Data/Application/52B680FE-DADE-49E5-9787-292DFB652C3D/Library/Cookies/Cookies.binarycookies
2014-11-14 23:56:39.746 乐途帮[16217:3034350] Apache Cordova native platform version 3.6.3 is starting.
2014-11-14 23:56:39.746 乐途帮[16217:3034350] Multi-tasking -> Device: YES, App: YES
2014-11-14 23:56:39.767 乐途帮[16217:3034350] Unlimited access to network resources
2014-11-14 23:56:40.270 乐途帮[16217:3034350] [CDVTimer][splashscreen] 94.788969ms
2014-11-14 23:56:40.270 乐途帮[16217:3034350] [CDVTimer][TotalPluginStartup] 94.923973ms
2014-11-14 23:56:40.321 乐途帮[16217:3034350] Resetting plugins due to page load.
2014-11-14 23:56:40.617 乐途帮[16217:3034350] Finished load of: file:///Users/wangzhiyan/Library/Developer/CoreSimulator/Devices/5FD1C4A6-FA66-44D7-BE78-174AC561DF3A/data/Containers/Bundle/Application/10AD9266-C533-44BA-9A13-2DD47B985230/%E4%B9%90%E9%80%94%E5%B8%AE.app/www/index.html#/tab/dash
2014-11-14 23:56:47.406 乐途帮[16217:3034350] THREAD WARNING: ['InAppBrowser'] took '170.396973' ms. Plugin should use a background thread.
2014-11-14 23:59:39.748 乐途帮[16404:3037366] DiskCookieStorage changing policy from 2 to 0, cookie file: file:///Users/wangzhiyan/Library/Developer/CoreSimulator/Devices/5FD1C4A6-FA66-44D7-BE78-174AC561DF3A/data/Containers/Data/Application/15CB2BF7-BF2C-427B-B77C-1B15874286EC/Library/Cookies/Cookies.binarycookies
2014-11-14 23:59:39.813 乐途帮[16404:3037366] Apache Cordova native platform version 3.6.3 is starting.
2014-11-14 23:59:39.813 乐途帮[16404:3037366] Multi-tasking -> Device: YES, App: YES
2014-11-14 23:59:39.818 乐途帮[16404:3037366] Unlimited access to network resources
2014-11-14 23:59:39.989 乐途帮[16404:3037366] [CDVTimer][splashscreen] 14.447987ms
2014-11-14 23:59:39.989 乐途帮[16404:3037366] [CDVTimer][TotalPluginStartup] 14.660001ms
2014-11-14 23:59:40.042 乐途帮[16404:3037366] Resetting plugins due to page load.
2014-11-14 23:59:40.284 乐途帮[16404:3037366] Finished load of: file:///Users/wangzhiyan/Library/Developer/CoreSimulator/Devices/5FD1C4A6-FA66-44D7-BE78-174AC561DF3A/data/Containers/Bundle/Application/222B8786-8A39-471E-A223-15690F6FCD10/%E4%B9%90%E9%80%94%E5%B8%AE.app/www/index.html#/tab/dash
2014-11-14 23:59:43.904 乐途帮[16404:3037366] THREAD WARNING: ['InAppBrowser'] took '142.681885' ms. Plugin should use a background thread.
2014-11-15 00:08:35.581 乐途帮[16601:3043944] Apache Cordova native platform version 3.6.3 is starting.
2014-11-15 00:08:35.581 乐途帮[16601:3043944] Multi-tasking -> Device: YES, App: YES
2014-11-15 00:08:35.585 乐途帮[16601:3043944] Unlimited access to network resources
2014-11-15 00:08:35.763 乐途帮[16601:3043944] [CDVTimer][splashscreen] 15.408039ms
2014-11-15 00:08:35.764 乐途帮[16601:3043944] [CDVTimer][TotalPluginStartup] 15.541971ms
2014-11-15 00:08:35.822 乐途帮[16601:3043944] Resetting plugins due to page load.
2014-11-15 00:08:36.049 乐途帮[16601:3043944] Finished load of: file:///Users/wangzhiyan/Library/Developer/CoreSimulator/Devices/5FD1C4A6-FA66-44D7-BE78-174AC561DF3A/data/Containers/Bundle/Application/E397E446-E034-4CEB-88A6-3CC7E3258333/%E4%B9%90%E9%80%94%E5%B8%AE.app/www/index.html#/tab/dash
2014-11-15 00:08:40.428 乐途帮[16601:3043944] THREAD WARNING: ['InAppBrowser'] took '153.058105' ms. Plugin should use a background thread.
2014-11-15 00:09:46.755 乐途帮[16775:3045018] Apache Cordova native platform version 3.6.3 is starting.
2014-11-15 00:09:46.755 乐途帮[16775:3045018] Multi-tasking -> Device: YES, App: YES
2014-11-15 00:09:46.760 乐途帮[16775:3045018] Unlimited access to network resources
2014-11-15 00:09:46.938 乐途帮[16775:3045018] [CDVTimer][splashscreen] 15.196979ms
2014-11-15 00:09:46.938 乐途帮[16775:3045018] [CDVTimer][TotalPluginStartup] 15.330970ms
2014-11-15 00:09:46.993 乐途帮[16775:3045018] Resetting plugins due to page load.
2014-11-15 00:09:47.204 乐途帮[16775:3045018] Finished load of: file:///Users/wangzhiyan/Library/Developer/CoreSimulator/Devices/5FD1C4A6-FA66-44D7-BE78-174AC561DF3A/data/Containers/Bundle/Application/0695FBC7-94AE-4161-BF24-B1C8092625B2/%E4%B9%90%E9%80%94%E5%B8%AE.app/www/index.html#/tab/dash
2014-11-15 00:10:32.258 乐途帮[16949:3046098] Apache Cordova native platform version 3.6.3 is starting.
2014-11-15 00:10:32.259 乐途帮[16949:3046098] Multi-tasking -> Device: YES, App: YES
2014-11-15 00:10:32.263 乐途帮[16949:3046098] Unlimited access to network resources
2014-11-15 00:10:32.437 乐途帮[16949:3046098] [CDVTimer][splashscreen] 14.482975ms
2014-11-15 00:10:32.437 乐途帮[16949:3046098] [CDVTimer][TotalPluginStartup] 14.615953ms
2014-11-15 00:10:32.497 乐途帮[16949:3046098] Resetting plugins due to page load.
2014-11-15 00:10:32.702 乐途帮[16949:3046098] Finished load of: file:///Users/wangzhiyan/Library/Developer/CoreSimulator/Devices/5FD1C4A6-FA66-44D7-BE78-174AC561DF3A/data/Containers/Bundle/Application/665FC77B-0147-441D-8401-41642847B94F/%E4%B9%90%E9%80%94%E5%B8%AE.app/www/index.html#/tab/dash
2014-11-15 00:10:37.931 乐途帮[16949:3046098] THREAD WARNING: ['InAppBrowser'] took '156.145996' ms. Plugin should use a background thread.
2014-11-15 00:11:48.264 乐途帮[17123:3047327] Apache Cordova native platform version 3.6.3 is starting.
2014-11-15 00:11:48.265 乐途帮[17123:3047327] Multi-tasking -> Device: YES, App: YES
2014-11-15 00:11:48.269 乐途帮[17123:3047327] Unlimited access to network resources
2014-11-15 00:11:48.446 乐途帮[17123:3047327] [CDVTimer][splashscreen] 14.460027ms
2014-11-15 00:11:48.446 乐途帮[17123:3047327] [CDVTimer][TotalPluginStartup] 14.598966ms
2014-11-15 00:11:48.508 乐途帮[17123:3047327] Resetting plugins due to page load.
2014-11-15 00:11:48.716 乐途帮[17123:3047327] Finished load of: file:///Users/wangzhiyan/Library/Developer/CoreSimulator/Devices/5FD1C4A6-FA66-44D7-BE78-174AC561DF3A/data/Containers/Bundle/Application/51BD3640-0FF7-403E-A906-D317321329BF/%E4%B9%90%E9%80%94%E5%B8%AE.app/www/index.html#/tab/dash
2014-11-15 00:11:55.188 乐途帮[17123:3047327] THREAD WARNING: ['InAppBrowser'] took '147.113037' ms. Plugin should use a background thread.
2014-11-15 00:13:51.131 乐途帮[17297:3048787] Apache Cordova native platform version 3.6.3 is starting.
2014-11-15 00:13:51.132 乐途帮[17297:3048787] Multi-tasking -> Device: YES, App: YES
2014-11-15 00:13:51.136 乐途帮[17297:3048787] Unlimited access to network resources
2014-11-15 00:13:51.311 乐途帮[17297:3048787] [CDVTimer][splashscreen] 15.028954ms
2014-11-15 00:13:51.311 乐途帮[17297:3048787] [CDVTimer][TotalPluginStartup] 15.159011ms
2014-11-15 00:13:51.374 乐途帮[17297:3048787] Resetting plugins due to page load.
2014-11-15 00:13:51.617 乐途帮[17297:3048787] Finished load of: file:///Users/wangzhiyan/Library/Developer/CoreSimulator/Devices/5FD1C4A6-FA66-44D7-BE78-174AC561DF3A/data/Containers/Bundle/Application/20F72D55-51B7-4AF0-A58E-34167DA36846/%E4%B9%90%E9%80%94%E5%B8%AE.app/www/index.html#/tab/dash
2014-11-15 00:13:55.949 乐途帮[17297:3048787] THREAD WARNING: ['InAppBrowser'] took '144.052979' ms. Plugin should use a background thread.
2014-11-15 00:15:00.505 乐途帮[17473:3049871] Apache Cordova native platform version 3.6.3 is starting.
2014-11-15 00:15:00.506 乐途帮[17473:3049871] Multi-tasking -> Device: YES, App: YES
2014-11-15 00:15:00.511 乐途帮[17473:3049871] Unlimited access to network resources
2014-11-15 00:15:00.684 乐途帮[17473:3049871] [CDVTimer][splashscreen] 15.181005ms
2014-11-15 00:15:00.684 乐途帮[17473:3049871] [CDVTimer][TotalPluginStartup] 15.319943ms
2014-11-15 00:15:00.748 乐途帮[17473:3049871] Resetting plugins due to page load.
2014-11-15 00:15:00.957 乐途帮[17473:3049871] Finished load of: file:///Users/wangzhiyan/Library/Developer/CoreSimulator/Devices/5FD1C4A6-FA66-44D7-BE78-174AC561DF3A/data/Containers/Bundle/Application/2C69ECE7-CD74-49DD-AB27-8D07686BCFCF/%E4%B9%90%E9%80%94%E5%B8%AE.app/www/index.html#/tab/dash
2014-11-15 00:15:06.482 乐途帮[17473:3049871] THREAD WARNING: ['InAppBrowser'] took '148.259033' ms. Plugin should use a background thread.
2014-11-15 16:16:13.836 乐途帮[18466:3208964] Apache Cordova native platform version 3.6.3 is starting.
2014-11-15 16:16:13.837 乐途帮[18466:3208964] Multi-tasking -> Device: YES, App: YES
2014-11-15 16:16:13.841 乐途帮[18466:3208964] Unlimited access to network resources
2014-11-15 16:16:14.074 乐途帮[18466:3208964] [CDVTimer][splashscreen] 55.085957ms
2014-11-15 16:16:14.075 乐途帮[18466:3208964] [CDVTimer][TotalPluginStartup] 55.252016ms
2014-11-15 16:16:14.157 乐途帮[18466:3208964] Resetting plugins due to page load.
2014-11-15 16:16:14.385 乐途帮[18466:3208964] Finished load of: file:///Users/wangzhiyan/Library/Developer/CoreSimulator/Devices/5FD1C4A6-FA66-44D7-BE78-174AC561DF3A/data/Containers/Bundle/Application/CC951026-35E4-40A8-A5F5-71F219ACE1FF/%E4%B9%90%E9%80%94%E5%B8%AE.app/www/index.html#/tab/dash
2014-11-15 16:16:38.303 乐途帮[18466:3208964] THREAD WARNING: ['InAppBrowser'] took '150.696045' ms. Plugin should use a background thread.
2014-11-15 16:17:39.318 乐途帮[18791:3210548] Apache Cordova native platform version 3.6.3 is starting.
2014-11-15 16:17:39.318 乐途帮[18791:3210548] Multi-tasking -> Device: YES, App: YES
2014-11-15 16:17:39.323 乐途帮[18791:3210548] Unlimited access to network resources
2014-11-15 16:17:39.497 乐途帮[18791:3210548] [CDVTimer][splashscreen] 15.670002ms
2014-11-15 16:17:39.497 乐途帮[18791:3210548] [CDVTimer][TotalPluginStartup] 15.798986ms
2014-11-15 16:17:39.558 乐途帮[18791:3210548] Resetting plugins due to page load.
2014-11-15 16:17:39.769 乐途帮[18791:3210548] Finished load of: file:///Users/wangzhiyan/Library/Developer/CoreSimulator/Devices/5FD1C4A6-FA66-44D7-BE78-174AC561DF3A/data/Containers/Bundle/Application/EB8F624B-5E24-490F-A7A1-8BC3E4826990/%E4%B9%90%E9%80%94%E5%B8%AE.app/www/index.html#/tab/dash
2014-11-15 16:20:03.742 乐途帮[18970:3213257] Apache Cordova native platform version 3.6.3 is starting.
2014-11-15 16:20:03.743 乐途帮[18970:3213257] Multi-tasking -> Device: YES, App: YES
2014-11-15 16:20:03.747 乐途帮[18970:3213257] Unlimited access to network resources
2014-11-15 16:20:03.923 乐途帮[18970:3213257] [CDVTimer][splashscreen] 14.796019ms
2014-11-15 16:20:03.923 乐途帮[18970:3213257] [CDVTimer][TotalPluginStartup] 14.928997ms
2014-11-15 16:20:03.984 乐途帮[18970:3213257] Resetting plugins due to page load.
2014-11-15 16:20:04.195 乐途帮[18970:3213257] Finished load of: file:///Users/wangzhiyan/Library/Developer/CoreSimulator/Devices/5FD1C4A6-FA66-44D7-BE78-174AC561DF3A/data/Containers/Bundle/Application/77442080-3E9D-485F-9D4A-0F23C8C1629B/%E4%B9%90%E9%80%94%E5%B8%AE.app/www/index.html#/tab/dash
